20170808-14:32:26.378 : Created session
20170808-14:32:26.378 : Connecting to 127.0.0.1 on port 9899
20170808-14:32:26.383 : Initiated logon request
20170808-14:32:26.383 : Received logout request
20170808-14:32:26.384 : Sending logout response
20170808-14:32:26.384 : Disconnecting
20170808-14:32:26.384 : Initiated logon request
20170808-14:33:13.582 : Created session
20170808-14:33:13.582 : Connecting to 127.0.0.1 on port 9899
20170808-14:33:13.584 : Initiated logon request
20170808-14:33:13.591 : Received logout request
20170808-14:33:13.591 : Sending logout response
20170808-14:33:13.591 : Disconnecting
20170808-14:33:13.594 : Initiated logon request
20170808-14:35:40.960 : Created session
20170808-14:35:40.961 : Connecting to 127.0.0.1 on port 9899
20170808-14:35:40.963 : Initiated logon request
20170808-14:35:40.963 : Received logout request
20170808-14:35:40.964 : Sending logout response
20170808-14:35:40.964 : Disconnecting
20170808-14:35:40.965 : Initiated logon request
20170808-14:43:20.651 : Created session
20170808-14:43:20.651 : Connecting to 127.0.0.1 on port 9899
20170808-14:43:20.654 : Initiated logon request
20170808-14:43:20.654 : Received logout request
20170808-14:43:20.654 : Sending logout response
20170808-14:43:20.654 : Disconnecting
20170808-14:43:20.655 : Initiated logon request
20170808-14:43:33.258 : Created session
20170808-14:43:33.258 : Connecting to 127.0.0.1 on port 9899
20170808-14:43:33.263 : Initiated logon request
20170808-14:43:33.263 : Received logout request
20170808-14:43:33.263 : Sending logout response
20170808-14:43:33.263 : Disconnecting
20170808-14:43:33.264 : Initiated logon request
20170808-14:44:54.672 : Created session
20170808-14:44:54.673 : Connecting to 127.0.0.1 on port 9899
20170808-14:44:54.677 : Initiated logon request
20170808-14:44:54.677 : Received logout request
20170808-14:44:54.678 : Sending logout response
20170808-14:44:54.678 : Disconnecting
20170808-14:44:54.679 : Initiated logon request
20170808-14:46:07.852 : Created session
20170808-14:46:07.853 : Connecting to 127.0.0.1 on port 9899
20170808-14:46:07.853 : Initiated logon request
20170808-14:46:07.853 : Socket Error: Connection reset by peer.
20170808-14:46:07.853 : Disconnecting
20170808-14:46:16.477 : Created session
20170808-14:46:16.477 : Connecting to 127.0.0.1 on port 9899
20170808-14:46:16.481 : Initiated logon request
20170808-14:46:16.482 : Received logout request
20170808-14:46:16.482 : Sending logout response
20170808-14:46:16.482 : Disconnecting
20170808-14:46:16.483 : Initiated logon request
